out 20, 2018 4:30:47 PM org.apache.catalina.core.AprLifecycleListener init
ADVERTÊNCIA: The APR based Apache Tomcat Native library failed to load. The error reported was [C:\Users\guilherme.oliveira\Desktop\Hackathon SpaceApps\NASASpaceAppChallenge\FrontEnd\apache-tomcat-7.0.91\bin\tcnative-1.dll: Can't load IA 32-bit .dll on a AMD 64-bit platform]
java.lang.UnsatisfiedLinkError: C:\Users\guilherme.oliveira\Desktop\Hackathon SpaceApps\NASASpaceAppChallenge\FrontEnd\apache-tomcat-7.0.91\bin\tcnative-1.dll: Can't load IA 32-bit .dll on a AMD 64-bit platform
	at java.lang.ClassLoader$NativeLibrary.load(Native Method)
	at java.lang.ClassLoader.loadLibrary0(ClassLoader.java:1941)
	at java.lang.ClassLoader.loadLibrary(ClassLoader.java:1857)
	at java.lang.Runtime.loadLibrary0(Runtime.java:870)
	at java.lang.System.loadLibrary(System.java:1122)
	at org.apache.tomcat.jni.Library.<init>(Library.java:42)
	at org.apache.tomcat.jni.Library.initialize(Library.java:178)
	at org.apache.catalina.core.AprLifecycleListener.init(AprLifecycleListener.java:200)
	at org.apache.catalina.core.AprLifecycleListener.isAprAvailable(AprLifecycleListener.java:108)
	at org.apache.catalina.connector.Connector.setProtocol(Connector.java:592)
	at org.apache.catalina.connector.Connector.<init>(Connector.java:66)
	at org.apache.catalina.startup.ConnectorCreateRule.begin(ConnectorCreateRule.java:62)
	at org.apache.tomcat.util.digester.Digester.startElement(Digester.java:1303)
	at com.sun.org.apache.xerces.internal.parsers.AbstractSAXParser.startElement(AbstractSAXParser.java:509)
	at com.sun.org.apache.xerces.internal.parsers.AbstractXMLDocumentParser.emptyElement(AbstractXMLDocumentParser.java:182)
	at com.sun.org.apache.xerces.internal.impl.XMLDocumentFragmentScannerImpl.scanStartElement(XMLDocumentFragmentScannerImpl.java:1339)
	at com.sun.org.apache.xerces.internal.impl.XMLDocumentFragmentScannerImpl$FragmentContentDriver.next(XMLDocumentFragmentScannerImpl.java:2784)
	at com.sun.org.apache.xerces.internal.impl.XMLDocumentScannerImpl.next(XMLDocumentScannerImpl.java:602)
	at com.sun.org.apache.xerces.internal.impl.XMLDocumentFragmentScannerImpl.scanDocument(XMLDocumentFragmentScannerImpl.java:505)
	at com.sun.org.apache.xerces.internal.parsers.XML11Configuration.parse(XML11Configuration.java:842)
	at com.sun.org.apache.xerces.internal.parsers.XML11Configuration.parse(XML11Configuration.java:771)
	at com.sun.org.apache.xerces.internal.parsers.XMLParser.parse(XMLParser.java:141)
	at com.sun.org.apache.xerces.internal.parsers.AbstractSAXParser.parse(AbstractSAXParser.java:1213)
	at com.sun.org.apache.xerces.internal.jaxp.SAXParserImpl$JAXPSAXParser.parse(SAXParserImpl.java:643)
	at org.apache.tomcat.util.digester.Digester.parse(Digester.java:1576)
	at org.apache.catalina.startup.Catalina.load(Catalina.java:628)
	at org.apache.catalina.startup.Catalina.load(Catalina.java:679)
	at sun.reflect.NativeMethodAccessorImpl.invoke0(Native Method)
	at sun.reflect.NativeMethodAccessorImpl.invoke(NativeMethodAccessorImpl.java:62)
	at sun.reflect.DelegatingMethodAccessorImpl.invoke(DelegatingMethodAccessorImpl.java:43)
	at java.lang.reflect.Method.invoke(Method.java:498)
	at org.apache.catalina.startup.Bootstrap.load(Bootstrap.java:253)
	at org.apache.catalina.startup.Bootstrap.main(Bootstrap.java:427)

out 20, 2018 4:30:47 PM org.apache.catalina.startup.VersionLoggerListener log
INFORMAÇÕES: Server version:        Apache Tomcat/7.0.91
out 20, 2018 4:30:47 PM org.apache.catalina.startup.VersionLoggerListener log
INFORMAÇÕES: Server built:          Sep 13 2018 19:52:12 UTC
out 20, 2018 4:30:47 PM org.apache.catalina.startup.VersionLoggerListener log
INFORMAÇÕES: Server number:         7.0.91.0
out 20, 2018 4:30:47 PM org.apache.catalina.startup.VersionLoggerListener log
INFORMAÇÕES: OS Name:               Windows 10
out 20, 2018 4:30:47 PM org.apache.catalina.startup.VersionLoggerListener log
INFORMAÇÕES: OS Version:            10.0
out 20, 2018 4:30:47 PM org.apache.catalina.startup.VersionLoggerListener log
INFORMAÇÕES: Architecture:          amd64
out 20, 2018 4:30:47 PM org.apache.catalina.startup.VersionLoggerListener log
INFORMAÇÕES: Java Home:             C:\Program Files\Java\jdk1.8.0_171\jre
out 20, 2018 4:30:47 PM org.apache.catalina.startup.VersionLoggerListener log
INFORMAÇÕES: JVM Version:           1.8.0_171-b11
out 20, 2018 4:30:47 PM org.apache.catalina.startup.VersionLoggerListener log
INFORMAÇÕES: JVM Vendor:            Oracle Corporation
out 20, 2018 4:30:47 PM org.apache.catalina.startup.VersionLoggerListener log
INFORMAÇÕES: CATALINA_BASE:         C:\Users\guilherme.oliveira\Desktop\Hackathon SpaceApps\NASASpaceAppChallenge\FrontEnd\apache-tomcat-7.0.91
out 20, 2018 4:30:47 PM org.apache.catalina.startup.VersionLoggerListener log
INFORMAÇÕES: CATALINA_HOME:         C:\Users\guilherme.oliveira\Desktop\Hackathon SpaceApps\NASASpaceAppChallenge\FrontEnd\apache-tomcat-7.0.91
out 20, 2018 4:30:47 PM org.apache.catalina.startup.VersionLoggerListener log
INFORMAÇÕES: Command line argument: -Djava.util.logging.config.file=C:\Users\guilherme.oliveira\Desktop\Hackathon SpaceApps\NASASpaceAppChallenge\FrontEnd\apache-tomcat-7.0.91\conf\logging.properties
out 20, 2018 4:30:47 PM org.apache.catalina.startup.VersionLoggerListener log
INFORMAÇÕES: Command line argument: -Djava.util.logging.manager=org.apache.juli.ClassLoaderLogManager
out 20, 2018 4:30:47 PM org.apache.catalina.startup.VersionLoggerListener log
INFORMAÇÕES: Command line argument: -Djdk.tls.ephemeralDHKeySize=2048
out 20, 2018 4:30:47 PM org.apache.catalina.startup.VersionLoggerListener log
INFORMAÇÕES: Command line argument: -Dignore.endorsed.dirs=
out 20, 2018 4:30:48 PM org.apache.catalina.startup.VersionLoggerListener log
INFORMAÇÕES: Command line argument: -Dcatalina.base=C:\Users\guilherme.oliveira\Desktop\Hackathon SpaceApps\NASASpaceAppChallenge\FrontEnd\apache-tomcat-7.0.91
out 20, 2018 4:30:48 PM org.apache.catalina.startup.VersionLoggerListener log
INFORMAÇÕES: Command line argument: -Dcatalina.home=C:\Users\guilherme.oliveira\Desktop\Hackathon SpaceApps\NASASpaceAppChallenge\FrontEnd\apache-tomcat-7.0.91
out 20, 2018 4:30:48 PM org.apache.catalina.startup.VersionLoggerListener log
INFORMAÇÕES: Command line argument: -Djava.io.tmpdir=C:\Users\guilherme.oliveira\Desktop\Hackathon SpaceApps\NASASpaceAppChallenge\FrontEnd\apache-tomcat-7.0.91\temp
out 20, 2018 4:30:48 PM org.apache.coyote.AbstractProtocol init
INFORMAÇÕES: Initializing ProtocolHandler ["http-bio-8080"]
out 20, 2018 4:30:48 PM org.apache.coyote.AbstractProtocol init
INFORMAÇÕES: Initializing ProtocolHandler ["ajp-bio-8009"]
out 20, 2018 4:30:48 PM org.apache.catalina.startup.Catalina load
INFORMAÇÕES: Initialization processed in 1885 ms
out 20, 2018 4:30:48 PM org.apache.catalina.core.StandardService startInternal
INFORMAÇÕES: Starting service Catalina
out 20, 2018 4:30:48 PM org.apache.catalina.core.StandardEngine startInternal
INFORMAÇÕES: Starting Servlet Engine: Apache Tomcat/7.0.91
out 20, 2018 4:30:48 PM org.apache.catalina.startup.HostConfig deployDirectory
INFORMAÇÕES: Deploying web application directory C:\Users\guilherme.oliveira\Desktop\Hackathon SpaceApps\NASASpaceAppChallenge\FrontEnd\apache-tomcat-7.0.91\webapps\docs
out 20, 2018 4:30:50 PM org.apache.catalina.util.SessionIdGeneratorBase createSecureRandom
ADVERTÊNCIA: Creation of SecureRandom instance for session ID generation using [SHA1PRNG] took [292] milliseconds.
out 20, 2018 4:30:50 PM org.apache.catalina.startup.HostConfig deployDirectory
INFORMAÇÕES: Deployment of web application directory C:\Users\guilherme.oliveira\Desktop\Hackathon SpaceApps\NASASpaceAppChallenge\FrontEnd\apache-tomcat-7.0.91\webapps\docs has finished in 1,442 ms
out 20, 2018 4:30:50 PM org.apache.catalina.startup.HostConfig deployDirectory
INFORMAÇÕES: Deploying web application directory C:\Users\guilherme.oliveira\Desktop\Hackathon SpaceApps\NASASpaceAppChallenge\FrontEnd\apache-tomcat-7.0.91\webapps\examples
out 20, 2018 4:30:51 PM org.apache.catalina.startup.HostConfig deployDirectory
INFORMAÇÕES: Deployment of web application directory C:\Users\guilherme.oliveira\Desktop\Hackathon SpaceApps\NASASpaceAppChallenge\FrontEnd\apache-tomcat-7.0.91\webapps\examples has finished in 1,161 ms
out 20, 2018 4:30:51 PM org.apache.catalina.startup.HostConfig deployDirectory
INFORMAÇÕES: Deploying web application directory C:\Users\guilherme.oliveira\Desktop\Hackathon SpaceApps\NASASpaceAppChallenge\FrontEnd\apache-tomcat-7.0.91\webapps\host-manager
out 20, 2018 4:30:51 PM org.apache.catalina.startup.HostConfig deployDirectory
INFORMAÇÕES: Deployment of web application directory C:\Users\guilherme.oliveira\Desktop\Hackathon SpaceApps\NASASpaceAppChallenge\FrontEnd\apache-tomcat-7.0.91\webapps\host-manager has finished in 242 ms
out 20, 2018 4:30:51 PM org.apache.catalina.startup.HostConfig deployDirectory
INFORMAÇÕES: Deploying web application directory C:\Users\guilherme.oliveira\Desktop\Hackathon SpaceApps\NASASpaceAppChallenge\FrontEnd\apache-tomcat-7.0.91\webapps\manager
out 20, 2018 4:30:51 PM org.apache.catalina.startup.HostConfig deployDirectory
INFORMAÇÕES: Deployment of web application directory C:\Users\guilherme.oliveira\Desktop\Hackathon SpaceApps\NASASpaceAppChallenge\FrontEnd\apache-tomcat-7.0.91\webapps\manager has finished in 131 ms
out 20, 2018 4:30:51 PM org.apache.catalina.startup.HostConfig deployDirectory
INFORMAÇÕES: Deploying web application directory C:\Users\guilherme.oliveira\Desktop\Hackathon SpaceApps\NASASpaceAppChallenge\FrontEnd\apache-tomcat-7.0.91\webapps\ROOT
out 20, 2018 4:30:51 PM org.apache.catalina.startup.HostConfig deployDirectory
INFORMAÇÕES: Deployment of web application directory C:\Users\guilherme.oliveira\Desktop\Hackathon SpaceApps\NASASpaceAppChallenge\FrontEnd\apache-tomcat-7.0.91\webapps\ROOT has finished in 133 ms
out 20, 2018 4:30:51 PM org.apache.coyote.AbstractProtocol start
INFORMAÇÕES: Starting ProtocolHandler ["http-bio-8080"]
out 20, 2018 4:30:51 PM org.apache.coyote.AbstractProtocol start
INFORMAÇÕES: Starting ProtocolHandler ["ajp-bio-8009"]
out 20, 2018 4:30:51 PM org.apache.catalina.startup.Catalina start
INFORMAÇÕES: Server startup in 3312 ms
out 20, 2018 4:34:42 PM org.apache.catalina.startup.HostConfig reload
INFORMAÇÕES: Reloading context []
out 20, 2018 4:34:42 PM org.apache.catalina.core.StandardContext reload
INFORMAÇÕES: Reloading Context with name [] has started
out 20, 2018 4:34:42 PM org.apache.catalina.core.StandardContext reload
INFORMAÇÕES: Reloading Context with name [] is completed
out 20, 2018 4:34:42 PM org.apache.catalina.startup.HostConfig deployDirectory
INFORMAÇÕES: Deploying web application directory C:\Users\guilherme.oliveira\Desktop\Hackathon SpaceApps\NASASpaceAppChallenge\FrontEnd\apache-tomcat-7.0.91\webapps\ROOT2
out 20, 2018 4:34:42 PM org.apache.catalina.startup.HostConfig deployDirectory
INFORMAÇÕES: Deployment of web application directory C:\Users\guilherme.oliveira\Desktop\Hackathon SpaceApps\NASASpaceAppChallenge\FrontEnd\apache-tomcat-7.0.91\webapps\ROOT2 has finished in 78 ms
out 20, 2018 4:43:26 PM org.apache.catalina.core.StandardServer await
INFORMAÇÕES: A valid shutdown command was received via the shutdown port. Stopping the Server instance.
out 20, 2018 4:43:26 PM org.apache.coyote.AbstractProtocol pause
INFORMAÇÕES: Pausing ProtocolHandler ["http-bio-8080"]
out 20, 2018 4:43:26 PM org.apache.coyote.AbstractProtocol pause
INFORMAÇÕES: Pausing ProtocolHandler ["ajp-bio-8009"]
out 20, 2018 4:43:26 PM org.apache.catalina.core.StandardService stopInternal
INFORMAÇÕES: Stopping service Catalina
out 20, 2018 4:43:26 PM org.apache.coyote.AbstractProtocol stop
INFORMAÇÕES: Stopping ProtocolHandler ["http-bio-8080"]
out 20, 2018 4:43:26 PM org.apache.coyote.AbstractProtocol stop
INFORMAÇÕES: Stopping ProtocolHandler ["ajp-bio-8009"]
out 20, 2018 4:43:26 PM org.apache.coyote.AbstractProtocol destroy
INFORMAÇÕES: Destroying ProtocolHandler ["http-bio-8080"]
out 20, 2018 4:43:26 PM org.apache.coyote.AbstractProtocol destroy
INFORMAÇÕES: Destroying ProtocolHandler ["ajp-bio-8009"]
out 20, 2018 4:43:31 PM org.apache.catalina.core.AprLifecycleListener init
ADVERTÊNCIA: The APR based Apache Tomcat Native library failed to load. The error reported was [C:\Users\guilherme.oliveira\Desktop\Hackathon SpaceApps\NASASpaceAppChallenge\FrontEnd\apache-tomcat-7.0.91\bin\tcnative-1.dll: Can't load IA 32-bit .dll on a AMD 64-bit platform]
java.lang.UnsatisfiedLinkError: C:\Users\guilherme.oliveira\Desktop\Hackathon SpaceApps\NASASpaceAppChallenge\FrontEnd\apache-tomcat-7.0.91\bin\tcnative-1.dll: Can't load IA 32-bit .dll on a AMD 64-bit platform
	at java.lang.ClassLoader$NativeLibrary.load(Native Method)
	at java.lang.ClassLoader.loadLibrary0(ClassLoader.java:1941)
	at java.lang.ClassLoader.loadLibrary(ClassLoader.java:1857)
	at java.lang.Runtime.loadLibrary0(Runtime.java:870)
	at java.lang.System.loadLibrary(System.java:1122)
	at org.apache.tomcat.jni.Library.<init>(Library.java:42)
	at org.apache.tomcat.jni.Library.initialize(Library.java:178)
	at org.apache.catalina.core.AprLifecycleListener.init(AprLifecycleListener.java:200)
	at org.apache.catalina.core.AprLifecycleListener.isAprAvailable(AprLifecycleListener.java:108)
	at org.apache.catalina.connector.Connector.setProtocol(Connector.java:592)
	at org.apache.catalina.connector.Connector.<init>(Connector.java:66)
	at org.apache.catalina.startup.ConnectorCreateRule.begin(ConnectorCreateRule.java:62)
	at org.apache.tomcat.util.digester.Digester.startElement(Digester.java:1303)
	at com.sun.org.apache.xerces.internal.parsers.AbstractSAXParser.startElement(AbstractSAXParser.java:509)
	at com.sun.org.apache.xerces.internal.parsers.AbstractXMLDocumentParser.emptyElement(AbstractXMLDocumentParser.java:182)
	at com.sun.org.apache.xerces.internal.impl.XMLDocumentFragmentScannerImpl.scanStartElement(XMLDocumentFragmentScannerImpl.java:1339)
	at com.sun.org.apache.xerces.internal.impl.XMLDocumentFragmentScannerImpl$FragmentContentDriver.next(XMLDocumentFragmentScannerImpl.java:2784)
	at com.sun.org.apache.xerces.internal.impl.XMLDocumentScannerImpl.next(XMLDocumentScannerImpl.java:602)
	at com.sun.org.apache.xerces.internal.impl.XMLDocumentFragmentScannerImpl.scanDocument(XMLDocumentFragmentScannerImpl.java:505)
	at com.sun.org.apache.xerces.internal.parsers.XML11Configuration.parse(XML11Configuration.java:842)
	at com.sun.org.apache.xerces.internal.parsers.XML11Configuration.parse(XML11Configuration.java:771)
	at com.sun.org.apache.xerces.internal.parsers.XMLParser.parse(XMLParser.java:141)
	at com.sun.org.apache.xerces.internal.parsers.AbstractSAXParser.parse(AbstractSAXParser.java:1213)
	at com.sun.org.apache.xerces.internal.jaxp.SAXParserImpl$JAXPSAXParser.parse(SAXParserImpl.java:643)
	at org.apache.tomcat.util.digester.Digester.parse(Digester.java:1576)
	at org.apache.catalina.startup.Catalina.load(Catalina.java:628)
	at org.apache.catalina.startup.Catalina.load(Catalina.java:679)
	at sun.reflect.NativeMethodAccessorImpl.invoke0(Native Method)
	at sun.reflect.NativeMethodAccessorImpl.invoke(NativeMethodAccessorImpl.java:62)
	at sun.reflect.DelegatingMethodAccessorImpl.invoke(DelegatingMethodAccessorImpl.java:43)
	at java.lang.reflect.Method.invoke(Method.java:498)
	at org.apache.catalina.startup.Bootstrap.load(Bootstrap.java:253)
	at org.apache.catalina.startup.Bootstrap.main(Bootstrap.java:427)

out 20, 2018 4:43:32 PM org.apache.catalina.startup.VersionLoggerListener log
INFORMAÇÕES: Server version:        Apache Tomcat/7.0.91
out 20, 2018 4:43:32 PM org.apache.catalina.startup.VersionLoggerListener log
INFORMAÇÕES: Server built:          Sep 13 2018 19:52:12 UTC
out 20, 2018 4:43:32 PM org.apache.catalina.startup.VersionLoggerListener log
INFORMAÇÕES: Server number:         7.0.91.0
out 20, 2018 4:43:32 PM org.apache.catalina.startup.VersionLoggerListener log
INFORMAÇÕES: OS Name:               Windows 10
out 20, 2018 4:43:32 PM org.apache.catalina.startup.VersionLoggerListener log
INFORMAÇÕES: OS Version:            10.0
out 20, 2018 4:43:32 PM org.apache.catalina.startup.VersionLoggerListener log
INFORMAÇÕES: Architecture:          amd64
out 20, 2018 4:43:32 PM org.apache.catalina.startup.VersionLoggerListener log
INFORMAÇÕES: Java Home:             C:\Program Files\Java\jdk1.8.0_171\jre
out 20, 2018 4:43:32 PM org.apache.catalina.startup.VersionLoggerListener log
INFORMAÇÕES: JVM Version:           1.8.0_171-b11
out 20, 2018 4:43:32 PM org.apache.catalina.startup.VersionLoggerListener log
INFORMAÇÕES: JVM Vendor:            Oracle Corporation
out 20, 2018 4:43:32 PM org.apache.catalina.startup.VersionLoggerListener log
INFORMAÇÕES: CATALINA_BASE:         C:\Users\guilherme.oliveira\Desktop\Hackathon SpaceApps\NASASpaceAppChallenge\FrontEnd\apache-tomcat-7.0.91
out 20, 2018 4:43:32 PM org.apache.catalina.startup.VersionLoggerListener log
INFORMAÇÕES: CATALINA_HOME:         C:\Users\guilherme.oliveira\Desktop\Hackathon SpaceApps\NASASpaceAppChallenge\FrontEnd\apache-tomcat-7.0.91
out 20, 2018 4:43:32 PM org.apache.catalina.startup.VersionLoggerListener log
INFORMAÇÕES: Command line argument: -Djava.util.logging.config.file=C:\Users\guilherme.oliveira\Desktop\Hackathon SpaceApps\NASASpaceAppChallenge\FrontEnd\apache-tomcat-7.0.91\conf\logging.properties
out 20, 2018 4:43:32 PM org.apache.catalina.startup.VersionLoggerListener log
INFORMAÇÕES: Command line argument: -Djava.util.logging.manager=org.apache.juli.ClassLoaderLogManager
out 20, 2018 4:43:32 PM org.apache.catalina.startup.VersionLoggerListener log
INFORMAÇÕES: Command line argument: -Djdk.tls.ephemeralDHKeySize=2048
out 20, 2018 4:43:32 PM org.apache.catalina.startup.VersionLoggerListener log
INFORMAÇÕES: Command line argument: -Dignore.endorsed.dirs=
out 20, 2018 4:43:32 PM org.apache.catalina.startup.VersionLoggerListener log
INFORMAÇÕES: Command line argument: -Dcatalina.base=C:\Users\guilherme.oliveira\Desktop\Hackathon SpaceApps\NASASpaceAppChallenge\FrontEnd\apache-tomcat-7.0.91
out 20, 2018 4:43:32 PM org.apache.catalina.startup.VersionLoggerListener log
INFORMAÇÕES: Command line argument: -Dcatalina.home=C:\Users\guilherme.oliveira\Desktop\Hackathon SpaceApps\NASASpaceAppChallenge\FrontEnd\apache-tomcat-7.0.91
out 20, 2018 4:43:32 PM org.apache.catalina.startup.VersionLoggerListener log
INFORMAÇÕES: Command line argument: -Djava.io.tmpdir=C:\Users\guilherme.oliveira\Desktop\Hackathon SpaceApps\NASASpaceAppChallenge\FrontEnd\apache-tomcat-7.0.91\temp
out 20, 2018 4:43:32 PM org.apache.coyote.AbstractProtocol init
INFORMAÇÕES: Initializing ProtocolHandler ["http-bio-8080"]
out 20, 2018 4:43:32 PM org.apache.coyote.AbstractProtocol init
INFORMAÇÕES: Initializing ProtocolHandler ["ajp-bio-8009"]
out 20, 2018 4:43:32 PM org.apache.catalina.startup.Catalina load
INFORMAÇÕES: Initialization processed in 1159 ms
out 20, 2018 4:43:32 PM org.apache.catalina.core.StandardService startInternal
INFORMAÇÕES: Starting service Catalina
out 20, 2018 4:43:32 PM org.apache.catalina.core.StandardEngine startInternal
INFORMAÇÕES: Starting Servlet Engine: Apache Tomcat/7.0.91
out 20, 2018 4:43:32 PM org.apache.catalina.startup.HostConfig deployDirectory
INFORMAÇÕES: Deploying web application directory C:\Users\guilherme.oliveira\Desktop\Hackathon SpaceApps\NASASpaceAppChallenge\FrontEnd\apache-tomcat-7.0.91\webapps\docs
out 20, 2018 4:43:33 PM org.apache.catalina.util.SessionIdGeneratorBase createSecureRandom
ADVERTÊNCIA: Creation of SecureRandom instance for session ID generation using [SHA1PRNG] took [157] milliseconds.
out 20, 2018 4:43:33 PM org.apache.catalina.startup.HostConfig deployDirectory
INFORMAÇÕES: Deployment of web application directory C:\Users\guilherme.oliveira\Desktop\Hackathon SpaceApps\NASASpaceAppChallenge\FrontEnd\apache-tomcat-7.0.91\webapps\docs has finished in 745 ms
out 20, 2018 4:43:33 PM org.apache.catalina.startup.HostConfig deployDirectory
INFORMAÇÕES: Deploying web application directory C:\Users\guilherme.oliveira\Desktop\Hackathon SpaceApps\NASASpaceAppChallenge\FrontEnd\apache-tomcat-7.0.91\webapps\examples
out 20, 2018 4:43:35 PM org.apache.catalina.startup.HostConfig deployDirectory
INFORMAÇÕES: Deployment of web application directory C:\Users\guilherme.oliveira\Desktop\Hackathon SpaceApps\NASASpaceAppChallenge\FrontEnd\apache-tomcat-7.0.91\webapps\examples has finished in 1,827 ms
out 20, 2018 4:43:35 PM org.apache.catalina.startup.HostConfig deployDirectory
INFORMAÇÕES: Deploying web application directory C:\Users\guilherme.oliveira\Desktop\Hackathon SpaceApps\NASASpaceAppChallenge\FrontEnd\apache-tomcat-7.0.91\webapps\host-manager
out 20, 2018 4:43:35 PM org.apache.catalina.startup.HostConfig deployDirectory
INFORMAÇÕES: Deployment of web application directory C:\Users\guilherme.oliveira\Desktop\Hackathon SpaceApps\NASASpaceAppChallenge\FrontEnd\apache-tomcat-7.0.91\webapps\host-manager has finished in 155 ms
out 20, 2018 4:43:35 PM org.apache.catalina.startup.HostConfig deployDirectory
INFORMAÇÕES: Deploying web application directory C:\Users\guilherme.oliveira\Desktop\Hackathon SpaceApps\NASASpaceAppChallenge\FrontEnd\apache-tomcat-7.0.91\webapps\manager
out 20, 2018 4:43:35 PM org.apache.catalina.startup.HostConfig deployDirectory
INFORMAÇÕES: Deployment of web application directory C:\Users\guilherme.oliveira\Desktop\Hackathon SpaceApps\NASASpaceAppChallenge\FrontEnd\apache-tomcat-7.0.91\webapps\manager has finished in 201 ms
out 20, 2018 4:43:35 PM org.apache.catalina.startup.HostConfig deployDirectory
INFORMAÇÕES: Deploying web application directory C:\Users\guilherme.oliveira\Desktop\Hackathon SpaceApps\NASASpaceAppChallenge\FrontEnd\apache-tomcat-7.0.91\webapps\ROOT
out 20, 2018 4:43:35 PM org.apache.catalina.startup.HostConfig deployDirectory
INFORMAÇÕES: Deployment of web application directory C:\Users\guilherme.oliveira\Desktop\Hackathon SpaceApps\NASASpaceAppChallenge\FrontEnd\apache-tomcat-7.0.91\webapps\ROOT has finished in 116 ms
out 20, 2018 4:43:35 PM org.apache.catalina.startup.HostConfig deployDirectory
INFORMAÇÕES: Deploying web application directory C:\Users\guilherme.oliveira\Desktop\Hackathon SpaceApps\NASASpaceAppChallenge\FrontEnd\apache-tomcat-7.0.91\webapps\ROOT2
out 20, 2018 4:43:35 PM org.apache.catalina.startup.HostConfig deployDirectory
INFORMAÇÕES: Deployment of web application directory C:\Users\guilherme.oliveira\Desktop\Hackathon SpaceApps\NASASpaceAppChallenge\FrontEnd\apache-tomcat-7.0.91\webapps\ROOT2 has finished in 69 ms
out 20, 2018 4:43:35 PM org.apache.coyote.AbstractProtocol start
INFORMAÇÕES: Starting ProtocolHandler ["http-bio-8080"]
out 20, 2018 4:43:35 PM org.apache.coyote.AbstractProtocol start
INFORMAÇÕES: Starting ProtocolHandler ["ajp-bio-8009"]
out 20, 2018 4:43:35 PM org.apache.catalina.startup.Catalina start
INFORMAÇÕES: Server startup in 3238 ms
out 20, 2018 11:35:56 PM org.apache.catalina.core.StandardServer await
INFORMAÇÕES: A valid shutdown command was received via the shutdown port. Stopping the Server instance.
out 20, 2018 11:35:56 PM org.apache.coyote.AbstractProtocol pause
INFORMAÇÕES: Pausing ProtocolHandler ["http-bio-8080"]
out 20, 2018 11:35:57 PM org.apache.coyote.AbstractProtocol pause
INFORMAÇÕES: Pausing ProtocolHandler ["ajp-bio-8009"]
out 20, 2018 11:35:57 PM org.apache.catalina.core.StandardService stopInternal
INFORMAÇÕES: Stopping service Catalina
out 20, 2018 11:35:57 PM org.apache.coyote.AbstractProtocol stop
INFORMAÇÕES: Stopping ProtocolHandler ["http-bio-8080"]
out 20, 2018 11:35:57 PM org.apache.coyote.AbstractProtocol stop
INFORMAÇÕES: Stopping ProtocolHandler ["ajp-bio-8009"]
out 20, 2018 11:35:58 PM org.apache.coyote.AbstractProtocol destroy
INFORMAÇÕES: Destroying ProtocolHandler ["http-bio-8080"]
out 20, 2018 11:35:58 PM org.apache.coyote.AbstractProtocol destroy
INFORMAÇÕES: Destroying ProtocolHandler ["ajp-bio-8009"]
out 20, 2018 11:36:03 PM org.apache.catalina.core.AprLifecycleListener init
ADVERTÊNCIA: The APR based Apache Tomcat Native library failed to load. The error reported was [C:\Users\guilherme.oliveira\Desktop\Hackathon SpaceApps\NASASpaceAppChallenge\FrontEnd\apache-tomcat-7.0.91\bin\tcnative-1.dll: Can't load IA 32-bit .dll on a AMD 64-bit platform]
java.lang.UnsatisfiedLinkError: C:\Users\guilherme.oliveira\Desktop\Hackathon SpaceApps\NASASpaceAppChallenge\FrontEnd\apache-tomcat-7.0.91\bin\tcnative-1.dll: Can't load IA 32-bit .dll on a AMD 64-bit platform
	at java.lang.ClassLoader$NativeLibrary.load(Native Method)
	at java.lang.ClassLoader.loadLibrary0(ClassLoader.java:1941)
	at java.lang.ClassLoader.loadLibrary(ClassLoader.java:1857)
	at java.lang.Runtime.loadLibrary0(Runtime.java:870)
	at java.lang.System.loadLibrary(System.java:1122)
	at org.apache.tomcat.jni.Library.<init>(Library.java:42)
	at org.apache.tomcat.jni.Library.initialize(Library.java:178)
	at org.apache.catalina.core.AprLifecycleListener.init(AprLifecycleListener.java:200)
	at org.apache.catalina.core.AprLifecycleListener.isAprAvailable(AprLifecycleListener.java:108)
	at org.apache.catalina.connector.Connector.setProtocol(Connector.java:592)
	at org.apache.catalina.connector.Connector.<init>(Connector.java:66)
	at org.apache.catalina.startup.ConnectorCreateRule.begin(ConnectorCreateRule.java:62)
	at org.apache.tomcat.util.digester.Digester.startElement(Digester.java:1303)
	at com.sun.org.apache.xerces.internal.parsers.AbstractSAXParser.startElement(AbstractSAXParser.java:509)
	at com.sun.org.apache.xerces.internal.parsers.AbstractXMLDocumentParser.emptyElement(AbstractXMLDocumentParser.java:182)
	at com.sun.org.apache.xerces.internal.impl.XMLDocumentFragmentScannerImpl.scanStartElement(XMLDocumentFragmentScannerImpl.java:1339)
	at com.sun.org.apache.xerces.internal.impl.XMLDocumentFragmentScannerImpl$FragmentContentDriver.next(XMLDocumentFragmentScannerImpl.java:2784)
	at com.sun.org.apache.xerces.internal.impl.XMLDocumentScannerImpl.next(XMLDocumentScannerImpl.java:602)
	at com.sun.org.apache.xerces.internal.impl.XMLDocumentFragmentScannerImpl.scanDocument(XMLDocumentFragmentScannerImpl.java:505)
	at com.sun.org.apache.xerces.internal.parsers.XML11Configuration.parse(XML11Configuration.java:842)
	at com.sun.org.apache.xerces.internal.parsers.XML11Configuration.parse(XML11Configuration.java:771)
	at com.sun.org.apache.xerces.internal.parsers.XMLParser.parse(XMLParser.java:141)
	at com.sun.org.apache.xerces.internal.parsers.AbstractSAXParser.parse(AbstractSAXParser.java:1213)
	at com.sun.org.apache.xerces.internal.jaxp.SAXParserImpl$JAXPSAXParser.parse(SAXParserImpl.java:643)
	at org.apache.tomcat.util.digester.Digester.parse(Digester.java:1576)
	at org.apache.catalina.startup.Catalina.load(Catalina.java:628)
	at org.apache.catalina.startup.Catalina.load(Catalina.java:679)
	at sun.reflect.NativeMethodAccessorImpl.invoke0(Native Method)
	at sun.reflect.NativeMethodAccessorImpl.invoke(NativeMethodAccessorImpl.java:62)
	at sun.reflect.DelegatingMethodAccessorImpl.invoke(DelegatingMethodAccessorImpl.java:43)
	at java.lang.reflect.Method.invoke(Method.java:498)
	at org.apache.catalina.startup.Bootstrap.load(Bootstrap.java:253)
	at org.apache.catalina.startup.Bootstrap.main(Bootstrap.java:427)

out 20, 2018 11:36:03 PM org.apache.catalina.startup.VersionLoggerListener log
INFORMAÇÕES: Server version:        Apache Tomcat/7.0.91
out 20, 2018 11:36:03 PM org.apache.catalina.startup.VersionLoggerListener log
INFORMAÇÕES: Server built:          Sep 13 2018 19:52:12 UTC
out 20, 2018 11:36:03 PM org.apache.catalina.startup.VersionLoggerListener log
INFORMAÇÕES: Server number:         7.0.91.0
out 20, 2018 11:36:03 PM org.apache.catalina.startup.VersionLoggerListener log
INFORMAÇÕES: OS Name:               Windows 10
out 20, 2018 11:36:03 PM org.apache.catalina.startup.VersionLoggerListener log
INFORMAÇÕES: OS Version:            10.0
out 20, 2018 11:36:03 PM org.apache.catalina.startup.VersionLoggerListener log
INFORMAÇÕES: Architecture:          amd64
out 20, 2018 11:36:03 PM org.apache.catalina.startup.VersionLoggerListener log
INFORMAÇÕES: Java Home:             C:\Program Files\Java\jdk1.8.0_171\jre
out 20, 2018 11:36:03 PM org.apache.catalina.startup.VersionLoggerListener log
INFORMAÇÕES: JVM Version:           1.8.0_171-b11
out 20, 2018 11:36:03 PM org.apache.catalina.startup.VersionLoggerListener log
INFORMAÇÕES: JVM Vendor:            Oracle Corporation
out 20, 2018 11:36:03 PM org.apache.catalina.startup.VersionLoggerListener log
INFORMAÇÕES: CATALINA_BASE:         C:\Users\guilherme.oliveira\Desktop\Hackathon SpaceApps\NASASpaceAppChallenge\FrontEnd\apache-tomcat-7.0.91
out 20, 2018 11:36:03 PM org.apache.catalina.startup.VersionLoggerListener log
INFORMAÇÕES: CATALINA_HOME:         C:\Users\guilherme.oliveira\Desktop\Hackathon SpaceApps\NASASpaceAppChallenge\FrontEnd\apache-tomcat-7.0.91
out 20, 2018 11:36:03 PM org.apache.catalina.startup.VersionLoggerListener log
INFORMAÇÕES: Command line argument: -Djava.util.logging.config.file=C:\Users\guilherme.oliveira\Desktop\Hackathon SpaceApps\NASASpaceAppChallenge\FrontEnd\apache-tomcat-7.0.91\conf\logging.properties
out 20, 2018 11:36:03 PM org.apache.catalina.startup.VersionLoggerListener log
INFORMAÇÕES: Command line argument: -Djava.util.logging.manager=org.apache.juli.ClassLoaderLogManager
out 20, 2018 11:36:03 PM org.apache.catalina.startup.VersionLoggerListener log
INFORMAÇÕES: Command line argument: -Djdk.tls.ephemeralDHKeySize=2048
out 20, 2018 11:36:03 PM org.apache.catalina.startup.VersionLoggerListener log
INFORMAÇÕES: Command line argument: -Dignore.endorsed.dirs=
out 20, 2018 11:36:03 PM org.apache.catalina.startup.VersionLoggerListener log
INFORMAÇÕES: Command line argument: -Dcatalina.base=C:\Users\guilherme.oliveira\Desktop\Hackathon SpaceApps\NASASpaceAppChallenge\FrontEnd\apache-tomcat-7.0.91
out 20, 2018 11:36:03 PM org.apache.catalina.startup.VersionLoggerListener log
INFORMAÇÕES: Command line argument: -Dcatalina.home=C:\Users\guilherme.oliveira\Desktop\Hackathon SpaceApps\NASASpaceAppChallenge\FrontEnd\apache-tomcat-7.0.91
out 20, 2018 11:36:03 PM org.apache.catalina.startup.VersionLoggerListener log
INFORMAÇÕES: Command line argument: -Djava.io.tmpdir=C:\Users\guilherme.oliveira\Desktop\Hackathon SpaceApps\NASASpaceAppChallenge\FrontEnd\apache-tomcat-7.0.91\temp
out 20, 2018 11:36:04 PM org.apache.coyote.AbstractProtocol init
INFORMAÇÕES: Initializing ProtocolHandler ["http-bio-8080"]
out 20, 2018 11:36:04 PM org.apache.coyote.AbstractProtocol init
INFORMAÇÕES: Initializing ProtocolHandler ["ajp-bio-8009"]
out 20, 2018 11:36:04 PM org.apache.catalina.startup.Catalina load
INFORMAÇÕES: Initialization processed in 2119 ms
out 20, 2018 11:36:04 PM org.apache.catalina.core.StandardService startInternal
INFORMAÇÕES: Starting service Catalina
out 20, 2018 11:36:04 PM org.apache.catalina.core.StandardEngine startInternal
INFORMAÇÕES: Starting Servlet Engine: Apache Tomcat/7.0.91
out 20, 2018 11:36:04 PM org.apache.catalina.startup.HostConfig deployDirectory
INFORMAÇÕES: Deploying web application directory C:\Users\guilherme.oliveira\Desktop\Hackathon SpaceApps\NASASpaceAppChallenge\FrontEnd\apache-tomcat-7.0.91\webapps\docs
out 20, 2018 11:36:05 PM org.apache.catalina.util.SessionIdGeneratorBase createSecureRandom
ADVERTÊNCIA: Creation of SecureRandom instance for session ID generation using [SHA1PRNG] took [197] milliseconds.
out 20, 2018 11:36:05 PM org.apache.catalina.startup.HostConfig deployDirectory
INFORMAÇÕES: Deployment of web application directory C:\Users\guilherme.oliveira\Desktop\Hackathon SpaceApps\NASASpaceAppChallenge\FrontEnd\apache-tomcat-7.0.91\webapps\docs has finished in 1,110 ms
out 20, 2018 11:36:05 PM org.apache.catalina.startup.HostConfig deployDirectory
INFORMAÇÕES: Deploying web application directory C:\Users\guilherme.oliveira\Desktop\Hackathon SpaceApps\NASASpaceAppChallenge\FrontEnd\apache-tomcat-7.0.91\webapps\examples
out 20, 2018 11:36:07 PM org.apache.catalina.startup.HostConfig deployDirectory
INFORMAÇÕES: Deployment of web application directory C:\Users\guilherme.oliveira\Desktop\Hackathon SpaceApps\NASASpaceAppChallenge\FrontEnd\apache-tomcat-7.0.91\webapps\examples has finished in 2,280 ms
out 20, 2018 11:36:07 PM org.apache.catalina.startup.HostConfig deployDirectory
INFORMAÇÕES: Deploying web application directory C:\Users\guilherme.oliveira\Desktop\Hackathon SpaceApps\NASASpaceAppChallenge\FrontEnd\apache-tomcat-7.0.91\webapps\host-manager
out 20, 2018 11:36:08 PM org.apache.catalina.startup.HostConfig deployDirectory
INFORMAÇÕES: Deployment of web application directory C:\Users\guilherme.oliveira\Desktop\Hackathon SpaceApps\NASASpaceAppChallenge\FrontEnd\apache-tomcat-7.0.91\webapps\host-manager has finished in 162 ms
out 20, 2018 11:36:08 PM org.apache.catalina.startup.HostConfig deployDirectory
INFORMAÇÕES: Deploying web application directory C:\Users\guilherme.oliveira\Desktop\Hackathon SpaceApps\NASASpaceAppChallenge\FrontEnd\apache-tomcat-7.0.91\webapps\manager
out 20, 2018 11:36:08 PM org.apache.catalina.startup.HostConfig deployDirectory
INFORMAÇÕES: Deployment of web application directory C:\Users\guilherme.oliveira\Desktop\Hackathon SpaceApps\NASASpaceAppChallenge\FrontEnd\apache-tomcat-7.0.91\webapps\manager has finished in 176 ms
out 20, 2018 11:36:08 PM org.apache.catalina.startup.HostConfig deployDirectory
INFORMAÇÕES: Deploying web application directory C:\Users\guilherme.oliveira\Desktop\Hackathon SpaceApps\NASASpaceAppChallenge\FrontEnd\apache-tomcat-7.0.91\webapps\ROOT
out 20, 2018 11:36:08 PM org.apache.catalina.startup.HostConfig deployDirectory
INFORMAÇÕES: Deployment of web application directory C:\Users\guilherme.oliveira\Desktop\Hackathon SpaceApps\NASASpaceAppChallenge\FrontEnd\apache-tomcat-7.0.91\webapps\ROOT has finished in 130 ms
out 20, 2018 11:36:08 PM org.apache.catalina.startup.HostConfig deployDirectory
INFORMAÇÕES: Deploying web application directory C:\Users\guilherme.oliveira\Desktop\Hackathon SpaceApps\NASASpaceAppChallenge\FrontEnd\apache-tomcat-7.0.91\webapps\ROOT2
out 20, 2018 11:36:08 PM org.apache.catalina.startup.HostConfig deployDirectory
INFORMAÇÕES: Deployment of web application directory C:\Users\guilherme.oliveira\Desktop\Hackathon SpaceApps\NASASpaceAppChallenge\FrontEnd\apache-tomcat-7.0.91\webapps\ROOT2 has finished in 91 ms
out 20, 2018 11:36:08 PM org.apache.coyote.AbstractProtocol start
INFORMAÇÕES: Starting ProtocolHandler ["http-bio-8080"]
out 20, 2018 11:36:08 PM org.apache.coyote.AbstractProtocol start
INFORMAÇÕES: Starting ProtocolHandler ["ajp-bio-8009"]
out 20, 2018 11:36:08 PM org.apache.catalina.startup.Catalina start
INFORMAÇÕES: Server startup in 4133 ms
