out 21, 2018 7:07:29 AM org.apache.catalina.core.ApplicationContext log
INFORMA합ES: ContextListener: contextInitialized()
out 21, 2018 7:07:29 AM org.apache.catalina.core.ApplicationContext log
INFORMA합ES: SessionListener: contextInitialized()
out 21, 2018 7:07:29 AM org.apache.catalina.core.ApplicationContext log
INFORMA합ES: ContextListener: attributeAdded('StockTicker', 'async.Stockticker@461710')
out 21, 2018 7:07:29 AM org.apache.catalina.core.ApplicationContext log
INFORMA합ES: ContextListener: attributeAdded('org.apache.jasper.compiler.TldLocationsCache', 'org.apache.jasper.compiler.TldLocationsCache@18b243a')
Oct 21, 2018 11:23:24 AM org.apache.catalina.core.ApplicationContext log
INFORMA합ES: ContextListener: contextInitialized()
Oct 21, 2018 11:23:24 AM org.apache.catalina.core.ApplicationContext log
INFORMA합ES: SessionListener: contextInitialized()
Oct 21, 2018 11:23:24 AM org.apache.catalina.core.ApplicationContext log
INFORMA합ES: ContextListener: attributeAdded('StockTicker', 'async.Stockticker@12dcd56')
Oct 21, 2018 11:23:24 AM org.apache.catalina.core.ApplicationContext log
INFORMA합ES: ContextListener: attributeAdded('org.apache.jasper.compiler.TldLocationsCache', 'org.apache.jasper.compiler.TldLocationsCache@a8c86f')
Oct 21, 2018 11:28:38 AM org.apache.catalina.core.ApplicationContext log
INFORMA합ES: ContextListener: contextInitialized()
Oct 21, 2018 11:28:38 AM org.apache.catalina.core.ApplicationContext log
INFORMA합ES: SessionListener: contextInitialized()
Oct 21, 2018 11:28:38 AM org.apache.catalina.core.ApplicationContext log
INFORMA합ES: ContextListener: attributeAdded('StockTicker', 'async.Stockticker@1137c09')
Oct 21, 2018 11:28:38 AM org.apache.catalina.core.ApplicationContext log
INFORMA합ES: ContextListener: attributeAdded('org.apache.jasper.compiler.TldLocationsCache', 'org.apache.jasper.compiler.TldLocationsCache@1349bde')
Oct 21, 2018 11:28:39 AM org.apache.catalina.core.ApplicationContext log
INFORMA합ES: SessionListener: contextDestroyed()
Oct 21, 2018 11:28:39 AM org.apache.catalina.core.ApplicationContext log
INFORMA합ES: ContextListener: contextDestroyed()
Oct 21, 2018 11:28:47 AM org.apache.catalina.core.ApplicationContext log
INFORMA합ES: SessionListener: contextDestroyed()
Oct 21, 2018 11:28:47 AM org.apache.catalina.core.ApplicationContext log
INFORMA합ES: ContextListener: contextDestroyed()
Oct 21, 2018 11:28:55 AM org.apache.catalina.core.ApplicationContext log
INFORMA합ES: ContextListener: contextInitialized()
Oct 21, 2018 11:28:55 AM org.apache.catalina.core.ApplicationContext log
INFORMA합ES: SessionListener: contextInitialized()
Oct 21, 2018 11:28:55 AM org.apache.catalina.core.ApplicationContext log
INFORMA합ES: ContextListener: attributeAdded('StockTicker', 'async.Stockticker@1c7a56a')
Oct 21, 2018 11:28:55 AM org.apache.catalina.core.ApplicationContext log
INFORMA합ES: ContextListener: attributeAdded('org.apache.jasper.compiler.TldLocationsCache', 'org.apache.jasper.compiler.TldLocationsCache@1db59bc')
out 21, 2018 4:59:13 PM org.apache.catalina.core.ApplicationContext log
INFORMA합ES: ContextListener: contextInitialized()
out 21, 2018 4:59:13 PM org.apache.catalina.core.ApplicationContext log
INFORMA합ES: SessionListener: contextInitialized()
out 21, 2018 4:59:13 PM org.apache.catalina.core.ApplicationContext log
INFORMA합ES: ContextListener: attributeAdded('StockTicker', 'async.Stockticker@1ab089f')
out 21, 2018 4:59:13 PM org.apache.catalina.core.ApplicationContext log
INFORMA합ES: ContextListener: attributeAdded('org.apache.jasper.compiler.TldLocationsCache', 'org.apache.jasper.compiler.TldLocationsCache@194baf')
out 21, 2018 5:14:08 PM org.apache.catalina.core.ApplicationContext log
INFORMA합ES: ContextListener: contextInitialized()
out 21, 2018 5:14:08 PM org.apache.catalina.core.ApplicationContext log
INFORMA합ES: SessionListener: contextInitialized()
out 21, 2018 5:14:08 PM org.apache.catalina.core.ApplicationContext log
INFORMA합ES: ContextListener: attributeAdded('StockTicker', 'async.Stockticker@461710')
out 21, 2018 5:14:08 PM org.apache.catalina.core.ApplicationContext log
INFORMA합ES: ContextListener: attributeAdded('org.apache.jasper.compiler.TldLocationsCache', 'org.apache.jasper.compiler.TldLocationsCache@18b243a')
